This is pdfTeX, Version 3.1415926-2.4-1.40.13 (TeX Live 2012/Debian) (format=pdflatex 2013.7.10)  20 JUL 2013 11:13
entering extended mode
 restricted \write18 enabled.
 %&-line parsing enabled.
**paper.tex
(./paper.tex
LaTeX2e <2011/06/27>
Babel <v3.8m> and hyphenation patterns for english, dumylang, nohyphenation, et
hiopic, farsi, arabic, pinyin, croatian, bulgarian, ukrainian, russian, slovak,
 czech, danish, dutch, usenglishmax, ukenglish, finnish, french, basque, ngerma
n, german, swissgerman, ngerman-x-2012-05-30, german-x-2012-05-30, monogreek, g
reek, ibycus, ancientgreek, hungarian, bengali, tamil, hindi, telugu, gujarati,
 sanskrit, malayalam, kannada, assamese, marathi, oriya, panjabi, italian, lati
n, latvian, lithuanian, mongolian, mongolianlmc, nynorsk, bokmal, indonesian, e
speranto, coptic, welsh, irish, interlingua, serbian, serbianc, slovenian, friu
lan, romansh, estonian, romanian, armenian, uppersorbian, turkish, afrikaans, i
celandic, kurmanji, polish, portuguese, galician, catalan, spanish, swedish, th
ai, loaded.
(/usr/share/texlive/texmf-dist/tex/latex/revtex/revtex4-1.cls
Document Class: revtex4-1 2010/07/25/20:33:00 4.1r (http://publish.aps.org/revt
ex4/ for documentation)
 Copyright (c) 2009 The American Physical Society.
 mailto:revtex@aps.org
 Licensed under the LPPL:
http://www.ctan.org/tex-archive/macros/latex/base/lppl.txt
 Arthur Ogawa <arthur_ogawa at sbcglobal dot net>
 Based on work by David Carlisle <david at dcarlisle.demon.co.uk>.
ltxutil[2010/07/25/20:33:00 4.1r utilities package (portions licensed from W. E
. Baxter web at superscript.com)]
LaTeX Info: Redefining \@centercr on input line 308.
Class revtex4-1 Info: Repairing broken LaTeX eqnarray on input line 358.
\eqncolsep=\skip41
Class revtex4-1 Info: Repairing hyperref-unfriendly LaTeX definition of \mpfoot
note on input line 433.
Class revtex4-1 Info: Repairing broken LateX \@sect on input line 755.
\intertabularlinepenalty=\count79
\@tbpen=\count80
\@arstrutbox@hline=\box26
Class revtex4-1 Info: Repairing broken LaTeX \@xbitor on input line 1786.
Class revtex4-1 Info: Making \typeout \long on input line 2046.
ltxfront[2010/07/25/20:33:00 4.1r frontmatter package (AO,DPC)]
\c@affil=\count81
\c@collab=\count82
\absbox=\box27
ltxgrid[2010/07/25/20:33:00 4.1r page grid package (portions licensed from W. E
. Baxter web at superscript.com)]
\c@linecount=\count83
\output@latex=\toks14
\box@size@1=\box28
\box@size@2=\box29
\@protection@box=\box30
\@topmark@saved=\toks15
\footins@saved=\box31
\footins@recovered=\box32
\column@recovered=\box33
\pagesofar=\box34
\footsofar=\box35
\pagegrid@col=\count84
Class revtex4-1 Info: Overriding \@vspace, \@vspacer, \@no@pgbk, \@newline, and
 \\  on input line 5578.
\c@part=\count85
\c@section=\count86
\c@subsection=\count87
\c@subsubsection=\count88
\c@paragraph=\count89
\c@subparagraph=\count90
\abovecaptionskip=\skip42
\belowcaptionskip=\skip43
\c@figure=\count91
\fbox@1=\box36
\c@table=\count92
\fbox@2=\box37
\c@video=\count93
\fbox@4=\box38
\@bibdataout=\write3
\widetext@top=\box39
\widetext@bot=\box40

Class revtex4-1 Warning: No Society specified, using default society aps.

(/usr/share/texlive/texmf-dist/tex/latex/revtex/aps4-1.rtx
File: aps4-1 2010/07/25/20:33:00 4.1r (http://publish.aps.org/revtex4/ for docu
mentation)
Class revtex4-1 Info: RevTeX society APS selected on input line 31.
)
Class revtex4-1 Info: Selecting journal pre on input line 7544.
Class revtex4-1 Info: APS journal PRE selected on input line 7545.


Class revtex4-1 Warning: No type size specified, using default 10.

(/usr/share/texlive/texmf-dist/tex/latex/revtex/aps10pt4-1.rtx
File: aps10pt4-1 2010/07/25/20:33:00 4.1r (http://publish.aps.org/revtex4/ for 
documentation)
Class revtex4-1 Info: RevTeX pointsize 10pt selected on input line 30.
)
(/usr/share/texlive/texmf-dist/tex/latex/textcase/textcase.sty
Package: textcase 2004/10/07 v0.07 Text only upper/lower case changing (DPC)
)
(/usr/share/texlive/texmf-dist/tex/latex/amsfonts/amssymb.sty
Package: amssymb 2009/06/22 v3.00

(/usr/share/texlive/texmf-dist/tex/latex/amsfonts/amsfonts.sty
Package: amsfonts 2009/06/22 v3.00 Basic AMSFonts support
\@emptytoks=\toks16
\symAMSa=\mathgroup4
\symAMSb=\mathgroup5
LaTeX Font Info:    Overwriting math alphabet `\mathfrak' in version `bold'
(Font)                  U/euf/m/n --> U/euf/b/n on input line 96.
))
(/usr/share/texlive/texmf-dist/tex/latex/amsmath/amsmath.sty
Package: amsmath 2000/07/18 v2.13 AMS math features
\@mathmargin=\skip44

For additional information on amsmath, use the `?' option.
(/usr/share/texlive/texmf-dist/tex/latex/amsmath/amstext.sty
Package: amstext 2000/06/29 v2.01

(/usr/share/texlive/texmf-dist/tex/latex/amsmath/amsgen.sty
File: amsgen.sty 1999/11/30 v2.0
\@emptytoks=\toks17
\ex@=\dimen102
)
LaTeX Info: Redefining \text on input line 53.
)
(/usr/share/texlive/texmf-dist/tex/latex/amsmath/amsbsy.sty
Package: amsbsy 1999/11/29 v1.2d
\pmbraise@=\dimen103
)
(/usr/share/texlive/texmf-dist/tex/latex/amsmath/amsopn.sty
Package: amsopn 1999/12/14 v2.01 operator names
)
\inf@bad=\count94
LaTeX Info: Redefining \frac on input line 211.
\uproot@=\count95
\leftroot@=\count96
LaTeX Info: Redefining \overline on input line 307.
\classnum@=\count97
\DOTSCASE@=\count98
LaTeX Info: Redefining \ldots on input line 379.
LaTeX Info: Redefining \dots on input line 382.
LaTeX Info: Redefining \cdots on input line 467.
\Mathstrutbox@=\box41
\strutbox@=\box42
\big@size=\dimen104
LaTeX Font Info:    Redeclaring font encoding OML on input line 567.
LaTeX Font Info:    Redeclaring font encoding OMS on input line 568.
\macc@depth=\count99
\c@MaxMatrixCols=\count100
\dotsspace@=\muskip10
\c@parentequation=\count101
\dspbrk@lvl=\count102
\tag@help=\toks18
\row@=\count103
\column@=\count104
\maxfields@=\count105
\andhelp@=\toks19
\eqnshift@=\dimen105
\alignsep@=\dimen106
\tagshift@=\dimen107
\tagwidth@=\dimen108
\totwidth@=\dimen109
\lineht@=\dimen110
\@envbody=\toks20
\multlinegap=\skip45
\multlinetaggap=\skip46
\mathdisplay@stack=\toks21
LaTeX Info: Redefining \[ on input line 2666.
LaTeX Info: Redefining \] on input line 2667.
)
(/usr/share/texlive/texmf-dist/tex/latex/url/url.sty
\Urlmuskip=\muskip11
Package: url 2006/04/12  ver 3.3  Verb mode for urls, etc.
)
(/usr/share/texlive/texmf-dist/tex/latex/natbib/natbib.sty
Package: natbib 2010/09/13 8.31b (PWD, AO)
\bibhang=\skip47
\bibsep=\skip48
LaTeX Info: Redefining \cite on input line 694.
\c@NAT@ctr=\count106
)
Class revtex4-1 Info: Repairing natbib's \BibitemShut on input line 7549.

(/usr/share/texlive/texmf-dist/tex/latex/revtex/revsymb4-1.sty
Package: revsymb4-1 2010/07/25/20:33:00 4.1r (http://publish.aps.org/revtex4/ f
or documentation)
LaTeX Info: Redefining \frak on input line 95.
LaTeX Info: Redefining \Bbb on input line 111.
LaTeX Info: Redefining \REV@mathfrak on input line 119.
))
(/usr/share/texlive/texmf-dist/tex/latex/graphics/graphicx.sty
Package: graphicx 1999/02/16 v1.0f Enhanced LaTeX Graphics (DPC,SPQR)

(/usr/share/texlive/texmf-dist/tex/latex/graphics/keyval.sty
Package: keyval 1999/03/16 v1.13 key=value parser (DPC)
\KV@toks@=\toks22
)
(/usr/share/texlive/texmf-dist/tex/latex/graphics/graphics.sty
Package: graphics 2009/02/05 v1.0o Standard LaTeX Graphics (DPC,SPQR)

(/usr/share/texlive/texmf-dist/tex/latex/graphics/trig.sty
Package: trig 1999/03/16 v1.09 sin cos tan (DPC)
)
(/usr/share/texlive/texmf-dist/tex/latex/latexconfig/graphics.cfg
File: graphics.cfg 2010/04/23 v1.9 graphics configuration of TeX Live
)
Package graphics Info: Driver file: pdftex.def on input line 91.

(/usr/share/texlive/texmf-dist/tex/latex/pdftex-def/pdftex.def
File: pdftex.def 2011/05/27 v0.06d Graphics/color for pdfTeX

(/usr/share/texlive/texmf-dist/tex/generic/oberdiek/infwarerr.sty
Package: infwarerr 2010/04/08 v1.3 Providing info/warning/error messages (HO)
)
(/usr/share/texlive/texmf-dist/tex/generic/oberdiek/ltxcmds.sty
Package: ltxcmds 2011/11/09 v1.22 LaTeX kernel commands for general use (HO)
)
\Gread@gobject=\count107
))
\Gin@req@height=\dimen111
\Gin@req@width=\dimen112
)
(/usr/share/texlive/texmf-dist/tex/latex/animate/animate.sty
Package: animate 2012/05/24 PDF animations from files and inline graphics

(/usr/share/texlive/texmf-dist/tex/latex/base/ifthen.sty
Package: ifthen 2001/05/26 v1.1c Standard LaTeX ifthen package (DPC)
)
(/usr/share/texlive/texmf-dist/tex/generic/oberdiek/ifpdf.sty
Package: ifpdf 2011/01/30 v2.3 Provides the ifpdf switch (HO)
Package ifpdf Info: pdfTeX in PDF mode is detected.
)
(/usr/share/texlive/texmf-dist/tex/latex/oberdiek/ifdraft.sty
Package: ifdraft 2008/08/11 v1.3 Detect class options draft and final (HO)
)
(/usr/share/texlive/texmf-dist/tex/latex/tools/calc.sty
Package: calc 2007/08/22 v4.3 Infix arithmetic (KKT,FJ)
\calc@Acount=\count108
\calc@Bcount=\count109
\calc@Adimen=\dimen113
\calc@Bdimen=\dimen114
\calc@Askip=\skip49
\calc@Bskip=\skip50
LaTeX Info: Redefining \setlength on input line 76.
LaTeX Info: Redefining \addtolength on input line 77.
\calc@Ccount=\count110
\calc@Cskip=\skip51
)
(/usr/share/texlive/texmf-dist/tex/latex/animate/animfp.sty
Package: animfp 2009/07/23 fixed point addition for animate.sty
\afp@xs=\count111
\afp@xia=\count112
\afp@xib=\count113
\afp@xfa=\count114
\afp@xfb=\count115
\afp@rega=\count116
\afp@regb=\count117
\afp@regs=\count118
)
(/usr/share/texlive/texmf-dist/tex/context/base/supp-pdf.mkii
[Loading MPS to PDF converter (version 2006.09.02).]
\scratchcounter=\count119
\scratchdimen=\dimen115
\scratchbox=\box43
\nofMPsegments=\count120
\nofMParguments=\count121
\everyMPshowfont=\toks23
\MPscratchCnt=\count122
\MPscratchDim=\dimen116
\MPnumerator=\count123
\makeMPintoPDFobject=\count124
\everyMPtoPDFconversion=\toks24
)
\@anim@@fields=\count125
\@anim@@ocgs=\count126
\@anim@@posterocgs=\count127
\@anim@box=\box44
\@anim@tmpdima=\dimen117
\@anim@tmpdimb=\dimen118
\@anim@num=\count128
\@anim@curframe=\count129
\@anim@curframe@zb=\count130
\@anim@resize=\count131
\@anim@skipfram=\count132
\@anim@mulframecnt=\count133
\@anim@@tmlnfile=\read1
\@anim@tmpcnt=\count134
\c@@anim@ltxcnt=\count135
\@anim@curlayer=\count136
\@anim@lineno=\count137
\@anim@curfield=\count138
\@anim@begin=\toks25
\@anim@end=\toks26
) (/usr/share/texlive/texmf-dist/tex/latex/tools/dcolumn.sty
Package: dcolumn 2001/05/28 v1.06 decimal alignment package (DPC)

(/usr/share/texlive/texmf-dist/tex/latex/tools/array.sty
Package: array 2008/09/09 v2.4c Tabular extension package (FMi)
\col@sep=\dimen119
\extrarowheight=\dimen120
\NC@list=\toks27
\extratabsurround=\skip52
\backup@length=\skip53
))
(/usr/share/texlive/texmf-dist/tex/latex/tools/bm.sty
Package: bm 2004/02/26 v1.1c Bold Symbol Support (DPC/FMi)
\symboldoperators=\mathgroup6
\symboldletters=\mathgroup7
\symboldsymbols=\mathgroup8
LaTeX Font Info:    Redeclaring math alphabet \mathbf on input line 138.
LaTeX Info: Redefining \bm on input line 204.
)
(/usr/share/texlive/texmf-dist/tex/latex/graphics/color.sty
Package: color 2005/11/14 v1.0j Standard LaTeX Color (DPC)

(/usr/share/texlive/texmf-dist/tex/latex/latexconfig/color.cfg
File: color.cfg 2007/01/18 v1.5 color configuration of teTeX/TeXLive
)
Package color Info: Driver file: pdftex.def on input line 130.
)
(/usr/share/texlive/texmf-dist/tex/latex/mh/breqn.sty
(/usr/share/texlive/texmf-dist/tex/latex/l3kernel/expl3.sty
(/usr/share/texlive/texmf-dist/tex/latex/l3kernel/l3names.sty
(/usr/share/texlive/texmf-dist/tex/latex/l3kernel/l3bootstrap.sty
Package: l3bootstrap 2011/12/29 v3110 L3 Experimental bootstrap code
)
Package: l3names 2012/03/04 v3494 L3 Experimental namespace for primitives
)
(/usr/share/texlive/texmf-dist/tex/latex/etex-pkg/etex.sty
Package: etex 1998/03/26 v2.0 eTeX basic definition package (PEB)
\et@xins=\count139
)
Package: expl3 2012/04/23 v3570 L3 Experimental code bundle wrapper

(/usr/share/texlive/texmf-dist/tex/latex/l3kernel/l3basics.sty
Package: l3basics 2012/03/04 v3491 L3 Experimental basic definitions
)
(/usr/share/texlive/texmf-dist/tex/latex/l3kernel/l3expan.sty
Package: l3expan 2012/02/26 v3460 L3 Experimental argument expansion
)
(/usr/share/texlive/texmf-dist/tex/latex/l3kernel/l3tl.sty
Package: l3tl 2012/03/04 v3490 L3 Experimental token lists
)
(/usr/share/texlive/texmf-dist/tex/latex/l3kernel/l3seq.sty
Package: l3seq 2012/03/04 v3490 L3 Experimental sequences and stacks
)
(/usr/share/texlive/texmf-dist/tex/latex/l3kernel/l3int.sty
Package: l3int 2012/03/04 v3490 L3 Experimental integers
\c_max_int=\count140
\l_tmpa_int=\count141
\l_tmpb_int=\count142
\l_tmpc_int=\count143
\g_tmpa_int=\count144
\g_tmpb_int=\count145
)
(/usr/share/texlive/texmf-dist/tex/latex/l3kernel/l3quark.sty
Package: l3quark 2012/02/12 v3384 L3 Experimental quarks
)
(/usr/share/texlive/texmf-dist/tex/latex/l3kernel/l3prg.sty
Package: l3prg 2012/03/04 v3490 L3 Experimental control structures
\g_prg_map_int=\count146
)
(/usr/share/texlive/texmf-dist/tex/latex/l3kernel/l3clist.sty
Package: l3clist 2012/03/04 v3490 L3 Experimental comma separated lists
)
(/usr/share/texlive/texmf-dist/tex/latex/l3kernel/l3token.sty
Package: l3token 2012/03/04 v3491 L3 Experimental token manipulation
)
(/usr/share/texlive/texmf-dist/tex/latex/l3kernel/l3prop.sty
Package: l3prop 2012/03/04 v3490 L3 Experimental property lists
)
(/usr/share/texlive/texmf-dist/tex/latex/l3kernel/l3msg.sty
Package: l3msg 2012/04/23 v3568 L3 Experimental messages
)
(/usr/share/texlive/texmf-dist/tex/latex/l3kernel/l3file.sty
Package: l3file 2012/03/09 v3520 L3 Experimental file and I/O operations
\l_iow_stream_int=\count147
\l_iow_line_length_int=\count148
\l_iow_target_length_int=\count149
\l_iow_current_line_int=\count150
\l_iow_current_word_int=\count151
\l_iow_current_indentation_int=\count152
)
(/usr/share/texlive/texmf-dist/tex/latex/l3kernel/l3skip.sty
Package: l3skip 2012/03/05 v3499 L3 Experimental dimensions and skips
\l_tmpa_dim=\dimen121
\l_tmpb_dim=\dimen122
\l_tmpc_dim=\dimen123
\g_tmpa_dim=\dimen124
\g_tmpb_dim=\dimen125
\l_tmpa_skip=\skip54
\l_tmpb_skip=\skip55
\l_tmpc_skip=\skip56
\g_tmpa_skip=\skip57
\g_tmpb_skip=\skip58
)
(/usr/share/texlive/texmf-dist/tex/latex/l3kernel/l3keys.sty
Package: l3keys 2012/03/03 v3487 L3 Experimental key-value interfaces
\g_keyval_level_int=\count153
\l_keys_choice_int=\count154
)
(/usr/share/texlive/texmf-dist/tex/latex/l3kernel/l3fp.sty
Package: l3fp 2012/03/04 v3490 L3 Experimental floating-point operations
\c_one_million=\count155
\c_one_hundred_million=\count156
\c_five_hundred_million=\count157
\c_one_thousand_million=\count158
\c_fp_pi_by_four_decimal_int=\count159
\c_fp_pi_by_four_extended_int=\count160
\c_fp_pi_decimal_int=\count161
\c_fp_pi_extended_int=\count162
\c_fp_two_pi_decimal_int=\count163
\c_fp_two_pi_extended_int=\count164
\l_fp_count_int=\count165
\l_fp_div_offset_int=\count166
\l_fp_exp_integer_int=\count167
\l_fp_exp_decimal_int=\count168
\l_fp_exp_extended_int=\count169
\l_fp_exp_exponent_int=\count170
\l_fp_input_a_sign_int=\count171
\l_fp_input_a_integer_int=\count172
\l_fp_input_a_decimal_int=\count173
\l_fp_input_a_exponent_int=\count174
\l_fp_input_b_sign_int=\count175
\l_fp_input_b_integer_int=\count176
\l_fp_input_b_decimal_int=\count177
\l_fp_input_b_exponent_int=\count178
\l_fp_input_a_extended_int=\count179
\l_fp_input_b_extended_int=\count180
\l_fp_mul_a_i_int=\count181
\l_fp_mul_a_ii_int=\count182
\l_fp_mul_a_iii_int=\count183
\l_fp_mul_a_iv_int=\count184
\l_fp_mul_a_v_int=\count185
\l_fp_mul_a_vi_int=\count186
\l_fp_mul_b_i_int=\count187
\l_fp_mul_b_ii_int=\count188
\l_fp_mul_b_iii_int=\count189
\l_fp_mul_b_iv_int=\count190
\l_fp_mul_b_v_int=\count191
\l_fp_mul_b_vi_int=\count192
\l_fp_mul_output_int=\count193
\l_fp_output_sign_int=\count194
\l_fp_output_integer_int=\count195
\l_fp_output_decimal_int=\count196
\l_fp_output_exponent_int=\count197
\l_fp_output_extended_int=\count198
\l_fp_round_position_int=\count199
\l_fp_round_target_int=\count200
\l_fp_split_sign_int=\count201
Normal \count register pool exhausted, switching to extended pool.
\l_fp_internal_int=\count277
\l_fp_trig_octant_int=\count278
\l_fp_trig_sign_int=\count279
\l_fp_trig_decimal_int=\count280
\l_fp_trig_extended_int=\count281
\l_fp_internal_dim=\dimen126
\l_fp_internal_skip=\skip59
)
(/usr/share/texlive/texmf-dist/tex/latex/l3kernel/l3box.sty
Package: l3box 2012/03/04 v3490 L3 Experimental boxes
\l_tmpb_box=\box45
\l_box_top_dim=\dimen127
\l_box_bottom_dim=\dimen128
\l_box_left_dim=\dimen129
\l_box_right_dim=\dimen130
\l_box_top_new_dim=\dimen131
\l_box_bottom_new_dim=\dimen132
\l_box_left_new_dim=\dimen133
\l_box_right_new_dim=\dimen134
\l_box_internal_box=\box46
)
(/usr/share/texlive/texmf-dist/tex/latex/l3kernel/l3coffins.sty
Package: l3coffins 2012/03/03 v3482 L3 Experimental coffin code layer
\l_coffin_internal_box=\box47
\l_coffin_internal_dim=\dimen135
\l_coffin_offset_x_dim=\dimen136
\l_coffin_offset_y_dim=\dimen137
\l_coffin_x_dim=\dimen138
\l_coffin_y_dim=\dimen139
\l_coffin_x_prime_dim=\dimen140
\l_coffin_y_prime_dim=\dimen141
\l_coffin_Depth_dim=\dimen142
\l_coffin_Height_dim=\dimen143
\l_coffin_TotalHeight_dim=\dimen144
\l_coffin_Width_dim=\dimen145
\c_empty_coffin=\box48
\l_coffin_aligned_coffin=\box49
\l_coffin_aligned_internal_coffin=\box50
\l_coffin_bounding_shift_dim=\dimen146
\l_coffin_left_corner_dim=\dimen147
\l_coffin_right_corner_dim=\dimen148
\l_coffin_bottom_corner_dim=\dimen149
\l_coffin_top_corner_dim=\dimen150
\l_coffin_scaled_total_height_dim=\dimen151
\l_coffin_scaled_width_dim=\dimen152
\l_coffin_display_coffin=\box51
\l_coffin_display_coord_coffin=\box52
\l_coffin_display_pole_coffin=\box53
\l_coffin_display_offset_dim=\dimen153
\l_coffin_display_x_dim=\dimen154
\l_coffin_display_y_dim=\dimen155
)
(/usr/share/texlive/texmf-dist/tex/latex/l3kernel/l3color.sty
Package: l3color 2011/09/07 v2776 L3 Experimental colour support
)
(/usr/share/texlive/texmf-dist/tex/latex/l3kernel/l3luatex.sty
Package: l3luatex 2012/02/09 v3355 L3 Experimental LuaTeX-specific functions
\g_cctab_allocate_int=\count282
\g_cctab_stack_int=\count283
))
Package: breqn 2012/05/10 v0.98b Breaking equations

(/usr/share/texlive/texmf-dist/tex/latex/mh/flexisym.sty
Package: flexisym 2010/09/17 v0.97b Make math characters macros
LaTeX Info: Redefining \textprime on input line 296.
LaTeX Info: Redefining \not on input line 354.

(/usr/share/texlive/texmf-dist/tex/latex/mh/cmbase.sym
File: cmbase.sym 2007/12/19 v0.92
LaTeX Info: Redefining \hbar on input line 323.
LaTeX Info: Redefining \surd on input line 325.
LaTeX Info: Redefining \angle on input line 333.
LaTeX Info: Redefining \neq on input line 334.
LaTeX Info: Redefining \mapsto on input line 335.
LaTeX Info: Redefining \cong on input line 336.
LaTeX Info: Redefining \notin on input line 339.
LaTeX Info: Redefining \rightleftharpoons on input line 340.
LaTeX Info: Redefining \doteq on input line 341.
LaTeX Info: Redefining \hookrightarrow on input line 342.
LaTeX Info: Redefining \hookleftarrow on input line 343.
LaTeX Info: Redefining \bowtie on input line 344.
LaTeX Info: Redefining \models on input line 345.
LaTeX Info: Redefining \Longrightarrow on input line 346.
LaTeX Info: Redefining \longrightarrow on input line 347.
LaTeX Info: Redefining \Longleftarrow on input line 348.
LaTeX Info: Redefining \longleftarrow on input line 349.
LaTeX Info: Redefining \longmapsto on input line 350.
LaTeX Info: Redefining \longleftrightarrow on input line 351.
LaTeX Info: Redefining \Longleftrightarrow on input line 352.
LaTeX Info: Redefining \cdots on input line 356.
LaTeX Info: Redefining \vdots on input line 359.
LaTeX Info: Redefining \ddots on input line 364.
)
(/usr/share/texlive/texmf-dist/tex/latex/mh/mathstyle.sty
Package: mathstyle 2011/08/03 v0.90 Tracking mathstyle implicitly
LaTeX Info: Redefining \displaystyle on input line 81.
LaTeX Info: Redefining \textstyle on input line 83.
LaTeX Info: Redefining \scriptstyle on input line 85.
LaTeX Info: Redefining \scriptscriptstyle on input line 87.
LaTeX Info: Redefining \genfrac on input line 121.
))
\inf@bad=\count284
\maxint=\count285
\listwidth=\dimen156
\eqnumsep=\dimen157
\eqmargin=\dimen158
\eqlinespacing=\skip60
\eqlineskip=\skip61
\eqlineskiplimit=\dimen159
\eqbinoffset=\muskip12
\eqdelimoffset=\muskip13
\eqindentstep=\dimen160
\eqstyle=\toks28
\eqbreakdepth=\count286
\eqinterlinepenalty=\count287
\intereqpenalty=\count288
\intereqskip=\skip62
\prerelpenalty=\count289
\prebinoppenalty=\count290
\Dmedmuskip=\muskip14
\Dthickmuskip=\muskip15
\eqleftskip=\skip63
\eqrightskip=\skip64
\eq@vspan=\skip65
\eq@binoffset=\muskip16
\EQ@box=\box54
\EQ@copy=\box55
\EQ@numbox=\box56
\eq@wdNum=\dimen161
\GRP@numbox=\box57
\grp@wdNum=\dimen162
\eq@lines=\count291
\eq@curline=\count292
\eq@badness=\count293
\EQ@vims=\count294
\eq@dp=\dimen163
\eq@wdL=\dimen164
\eq@wdT=\dimen165
\eq@wdMin=\dimen166
\grp@wdL=\dimen167
\grp@wdR=\dimen168
\grp@wdT=\dimen169
\eq@wdRmax=\dimen170
\eq@firstht=\dimen171
\eq@wdCond=\dimen172
\eq@indentstep=\dimen173
\eq@linewidth=\dimen174
\grp@linewidth=\dimen175
\eq@hshift=\dimen176
\eq@given@sidespace=\dimen177
\mathindent=\dimen178
\eq@final@linecount=\count295
\eq@wdR=\dimen179
\EQ@continue=\toks29
\lr@level=\count296
\GRP@queue=\toks30
\GRP@box=\box58
\GRP@wholebox=\box59
\darraycolsep=\skip66
\cur@row=\count297
\cur@col=\count298
\conditionsep=\skip67
)
Class revtex4-1 Info: Patching array package. on input line 26.
Class revtex4-1 Info: Robustifying \LaTeX's \boldmath command on input line 26.

Class revtex4-1 Info: cite was not loaded (OK!) on input line 26.
Class revtex4-1 Info: mcite was not loaded (OK!) on input line 26.
Class revtex4-1 Info: multicol was not loaded (OK!) on input line 26.
 (./paper.aux

LaTeX Warning: Label `frequency-plot-40-20-0-0-150' multiply defined.

)
\openout1 = `paper.aux'.

LaTeX Font Info:    Checking defaults for OML/cmm/m/it on input line 26.
LaTeX Font Info:    ... okay on input line 26.
LaTeX Font Info:    Checking defaults for T1/cmr/m/n on input line 26.
LaTeX Font Info:    ... okay on input line 26.
LaTeX Font Info:    Checking defaults for OT1/cmr/m/n on input line 26.
LaTeX Font Info:    ... okay on input line 26.
LaTeX Font Info:    Checking defaults for OMS/cmsy/m/n on input line 26.
LaTeX Font Info:    ... okay on input line 26.
LaTeX Font Info:    Checking defaults for OMX/cmex/m/n on input line 26.
LaTeX Font Info:    ... okay on input line 26.
LaTeX Font Info:    Checking defaults for U/cmr/m/n on input line 26.
LaTeX Font Info:    ... okay on input line 26.
 (/usr/share/texlive/texmf-dist/tex/generic/oberdiek/pdftexcmds.sty
Package: pdftexcmds 2011/11/29 v0.20 Utility functions of pdfTeX for LuaTeX (HO
)

(/usr/share/texlive/texmf-dist/tex/generic/oberdiek/ifluatex.sty
Package: ifluatex 2010/03/01 v1.3 Provides the ifluatex switch (HO)
Package ifluatex Info: LuaTeX not detected.
)
Package pdftexcmds Info: LuaTeX not detected.
Package pdftexcmds Info: \pdf@primitive is available.
Package pdftexcmds Info: \pdf@ifprimitive is available.
Package pdftexcmds Info: \pdfdraftmode found.
)
(/usr/share/texlive/texmf-dist/tex/latex/oberdiek/epstopdf-base.sty
Package: epstopdf-base 2010/02/09 v2.5 Base part for package epstopdf

(/usr/share/texlive/texmf-dist/tex/latex/oberdiek/grfext.sty
Package: grfext 2010/08/19 v1.1 Manage graphics extensions (HO)

(/usr/share/texlive/texmf-dist/tex/generic/oberdiek/kvdefinekeys.sty
Package: kvdefinekeys 2011/04/07 v1.3 Define keys (HO)
))
(/usr/share/texlive/texmf-dist/tex/latex/oberdiek/kvoptions.sty
Package: kvoptions 2011/06/30 v3.11 Key value format for package options (HO)

(/usr/share/texlive/texmf-dist/tex/generic/oberdiek/kvsetkeys.sty
Package: kvsetkeys 2012/04/25 v1.16 Key value parser (HO)

(/usr/share/texlive/texmf-dist/tex/generic/oberdiek/etexcmds.sty
Package: etexcmds 2011/02/16 v1.5 Avoid name clashes with e-TeX commands (HO)
Package etexcmds Info: Could not find \expanded.
(etexcmds)             That can mean that you are not using pdfTeX 1.50 or
(etexcmds)             that some package has redefined \expanded.
(etexcmds)             In the latter case, load this package earlier.
)))
Package grfext Info: Graphics extension search list:
(grfext)             [.png,.pdf,.jpg,.mps,.jpeg,.jbig2,.jb2,.PNG,.PDF,.JPG,.JPE
G,.JBIG2,.JB2,.eps]
(grfext)             \AppendGraphicsExtensions on input line 452.

(/usr/share/texlive/texmf-dist/tex/latex/latexconfig/epstopdf-sys.cfg
File: epstopdf-sys.cfg 2010/07/13 v1.3 Configuration of (r)epstopdf for TeX Liv
e
))
\openout3 = `paperNotes.bib'.

LaTeX Font Info:    Try loading font information for U+msa on input line 46.

(/usr/share/texlive/texmf-dist/tex/latex/amsfonts/umsa.fd
File: umsa.fd 2009/06/22 v3.00 AMS symbols A
)
LaTeX Font Info:    Try loading font information for U+msb on input line 46.

(/usr/share/texlive/texmf-dist/tex/latex/amsfonts/umsb.fd
File: umsb.fd 2009/06/22 v3.00 AMS symbols B
)
Underfull \hbox (badness 10000) in paragraph at lines 61--92

 []


Underfull \hbox (badness 10000) in paragraph at lines 61--92

 []


Underfull \hbox (badness 10000) in paragraph at lines 61--92

 []


Underfull \hbox (badness 10000) in paragraph at lines 61--92

 []


Underfull \hbox (badness 1546) in paragraph at lines 61--92
\OT1/cmr/m/n/10 To in-ter-pret the re-sults, we gen-er-ated sev-eral dif-
 []


<../data/shape-p/plots/frequency_plot_all_norm-p-40-20-0-0-150.pdf, id=4, 578.1
6pt x 433.62pt>
File: ../data/shape-p/plots/frequency_plot_all_norm-p-40-20-0-0-150.pdf Graphic
 file (type pdf)

<use ../data/shape-p/plots/frequency_plot_all_norm-p-40-20-0-0-150.pdf>
Package pdftex.def Info: ../data/shape-p/plots/frequency_plot_all_norm-p-40-20-
0-0-150.pdf used on input line 96.
(pdftex.def)             Requested size: 246.0pt x 184.49448pt.


Package natbib Warning: Citation `huang2003dynamic' on page 1 undefined on inpu
t line 111.

[1{/var/lib/texmf/fonts/map/pdftex/updmap/pdftex.map}]

LaTeX Warning: A float is stuck (cannot be placed); try class option [floatfix]
 on input line 132.


<../data/shape-p/plots/frequency_plot_all_middle-p-40-20-0-0-150.pdf, id=18, 57
8.16pt x 433.62pt>
File: ../data/shape-p/plots/frequency_plot_all_middle-p-40-20-0-0-150.pdf Graph
ic file (type pdf)

<use ../data/shape-p/plots/frequency_plot_all_middle-p-40-20-0-0-150.pdf>
Package pdftex.def Info: ../data/shape-p/plots/frequency_plot_all_middle-p-40-2
0-0-0-150.pdf used on input line 134.
(pdftex.def)             Requested size: 246.0pt x 184.49448pt.

(./paper.bbl [2 <../data/shape-p/plots/frequency_plot_all_norm-p-40-20-0-0-150.
pdf> <../data/shape-p/plots/frequency_plot_all_middle-p-40-20-0-0-150.pdf>]

Package natbib Warning: Empty `thebibliography' environment on input line 69.

)
Underfull \hbox (badness 10000) in paragraph at lines 270--301

 []


Underfull \hbox (badness 10000) in paragraph at lines 270--301

 []


Underfull \hbox (badness 10000) in paragraph at lines 270--301

 []


Underfull \hbox (badness 10000) in paragraph at lines 270--301

 []


Underfull \hbox (badness 1546) in paragraph at lines 270--301
\OT1/cmr/m/n/10 To in-ter-pret the re-sults, we gen-er-ated sev-eral dif-
 []

[3] [4]

! Package animate Error: Neither of the files
(animate)                `../data/shape-randst/plots/movie-density-Nd-96/animat
e_0.pdf',
(animate)                `../data/shape-randst/plots/movie-density-Nd-96/animat
e_0.mps',
(animate)                `../data/shape-randst/plots/movie-density-Nd-96/animat
e_0.png',
(animate)                `../data/shape-randst/plots/movie-density-Nd-96/animat
e_0.jpg',
(animate)                `../data/shape-randst/plots/movie-density-Nd-96/animat
e_0.jpeg',
(animate)                `../data/shape-randst/plots/movie-density-Nd-96/animat
e_0.jbig2',
(animate)                `../data/shape-randst/plots/movie-density-Nd-96/animat
e_0.jb2',
(animate)                `../data/shape-randst/plots/movie-density-Nd-96/animat
e_0.jp2',
(animate)                `../data/shape-randst/plots/movie-density-Nd-96/animat
e_0.j2k' or
(animate)                `../data/shape-randst/plots/movie-density-Nd-96/animat
e_0.jpx',
(animate)                could be found.
(animate)                Wrong file type? Mis-spelled file name?.

See the animate package documentation for explanation.
Type  H <return>  for immediate help.
 ...                                              
                                                  
l.484 ...ots/movie-density-Nd-96/animate_}{0}{120}
                                                  
? 
! Interruption.
\GenericError  ...                                
                                                  \endgroup 
l.484 ...ots/movie-density-Nd-96/animate_}{0}{120}
                                                  
? 

!pdfTeX error: pdflatex (file /usr/share/texlive/texmf-dist/tex/latex/latexconf
ig/epstopdf-sys.cfg): unknown type of image
 ==> Fatal error occurred, no output PDF file produced!
